2018-2-24 10:38:19 error: uncaughtException: Cannot find module 'koa-router'
Error: Cannot find module 'koa-router'
    at Function.Module._resolveFilename (module.js:542:15)
    at Function.Module._load (module.js:472:25)
    at Module.require (module.js:585:17)
    at require (internal/module.js:11:18)
    at Object.<anonymous> (/home/velioo/training-projects/velioo-online_store_koa/app.js:25:16)
    at Module._compile (module.js:641:30)
    at Object.Module._extensions..js (module.js:652:10)
    at Module.load (module.js:560:32)
    at tryModuleLoad (module.js:503:12)
    at Function.Module._load (module.js:495:3)
2018-2-24 10:38:35 error: uncaughtException: Cannot find module 'koa-router'
Error: Cannot find module 'koa-router'
    at Function.Module._resolveFilename (module.js:542:15)
    at Function.Module._load (module.js:472:25)
    at Module.require (module.js:585:17)
    at require (internal/module.js:11:18)
    at Object.<anonymous> (/home/velioo/training-projects/velioo-online_store_koa/app.js:25:16)
    at Module._compile (module.js:641:30)
    at Object.Module._extensions..js (module.js:652:10)
    at Module.load (module.js:560:32)
    at tryModuleLoad (module.js:503:12)
    at Function.Module._load (module.js:495:3)
2018-2-24 10:38:41 error: uncaughtException: Cannot find module 'koa-router'
Error: Cannot find module 'koa-router'
    at Function.Module._resolveFilename (module.js:542:15)
    at Function.Module._load (module.js:472:25)
    at Module.require (module.js:585:17)
    at require (internal/module.js:11:18)
    at Object.<anonymous> (/home/velioo/training-projects/velioo-online_store_koa/app.js:25:16)
    at Module._compile (module.js:641:30)
    at Object.Module._extensions..js (module.js:652:10)
    at Module.load (module.js:560:32)
    at tryModuleLoad (module.js:503:12)
    at Function.Module._load (module.js:495:3)
2018-2-24 10:39:24 error: uncaughtException: Cannot find module 'koa-router'
Error: Cannot find module 'koa-router'
    at Function.Module._resolveFilename (module.js:542:15)
    at Function.Module._load (module.js:472:25)
    at Module.require (module.js:585:17)
    at require (internal/module.js:11:18)
    at Object.<anonymous> (/home/velioo/training-projects/velioo-online_store_koa/app.js:25:16)
    at Module._compile (module.js:641:30)
    at Object.Module._extensions..js (module.js:652:10)
    at Module.load (module.js:560:32)
    at tryModuleLoad (module.js:503:12)
    at Function.Module._load (module.js:495:3)
2018-2-24 10:43:24 error: uncaughtException: Cannot find module 'koa-router'
Error: Cannot find module 'koa-router'
    at Function.Module._resolveFilename (module.js:542:15)
    at Function.Module._load (module.js:472:25)
    at Module.require (module.js:585:17)
    at require (internal/module.js:11:18)
    at Object.<anonymous> (/home/velioo/training-projects/velioo-online_store_koa/app.js:25:16)
    at Module._compile (module.js:641:30)
    at Object.Module._extensions..js (module.js:652:10)
    at Module.load (module.js:560:32)
    at tryModuleLoad (module.js:503:12)
    at Function.Module._load (module.js:495:3)
2018-2-24 10:43:51 error: uncaughtException: Cannot find module 'koa-router'
Error: Cannot find module 'koa-router'
    at Function.Module._resolveFilename (module.js:542:15)
    at Function.Module._load (module.js:472:25)
    at Module.require (module.js:585:17)
    at require (internal/module.js:11:18)
    at Object.<anonymous> (/home/velioo/training-projects/velioo-online_store_koa/app.js:25:16)
    at Module._compile (module.js:641:30)
    at Object.Module._extensions..js (module.js:652:10)
    at Module.load (module.js:560:32)
    at tryModuleLoad (module.js:503:12)
    at Function.Module._load (module.js:495:3)
2018-2-24 10:51:08 error: uncaughtException: Cannot find module 'koa-router'
Error: Cannot find module 'koa-router'
    at Function.Module._resolveFilename (module.js:542:15)
    at Function.Module._load (module.js:472:25)
    at Module.require (module.js:585:17)
    at require (internal/module.js:11:18)
    at Object.<anonymous> (/home/velioo/training-projects/velioo-online_store_koa/app.js:25:16)
    at Module._compile (module.js:641:30)
    at Object.Module._extensions..js (module.js:652:10)
    at Module.load (module.js:560:32)
    at tryModuleLoad (module.js:503:12)
    at Function.Module._load (module.js:495:3)
2018-2-24 10:51:22 error: uncaughtException: Cannot find module 'koa-router'
Error: Cannot find module 'koa-router'
    at Function.Module._resolveFilename (module.js:542:15)
    at Function.Module._load (module.js:472:25)
    at Module.require (module.js:585:17)
    at require (internal/module.js:11:18)
    at Object.<anonymous> (/home/velioo/training-projects/velioo-online_store_koa/app.js:25:16)
    at Module._compile (module.js:641:30)
    at Object.Module._extensions..js (module.js:652:10)
    at Module.load (module.js:560:32)
    at tryModuleLoad (module.js:503:12)
    at Function.Module._load (module.js:495:3)
2018-2-24 10:51:27 error: uncaughtException: Cannot find module 'koa-router'
Error: Cannot find module 'koa-router'
    at Function.Module._resolveFilename (module.js:542:15)
    at Function.Module._load (module.js:472:25)
    at Module.require (module.js:585:17)
    at require (internal/module.js:11:18)
    at Object.<anonymous> (/home/velioo/training-projects/velioo-online_store_koa/app.js:25:16)
    at Module._compile (module.js:641:30)
    at Object.Module._extensions..js (module.js:652:10)
    at Module.load (module.js:560:32)
    at tryModuleLoad (module.js:503:12)
    at Function.Module._load (module.js:495:3)
2018-2-24 10:51:40 error: uncaughtException: Cannot find module 'koa-router'
Error: Cannot find module 'koa-router'
    at Function.Module._resolveFilename (module.js:542:15)
    at Function.Module._load (module.js:472:25)
    at Module.require (module.js:585:17)
    at require (internal/module.js:11:18)
    at Object.<anonymous> (/home/velioo/training-projects/velioo-online_store_koa/app.js:25:16)
    at Module._compile (module.js:641:30)
    at Object.Module._extensions..js (module.js:652:10)
    at Module.load (module.js:560:32)
    at tryModuleLoad (module.js:503:12)
    at Function.Module._load (module.js:495:3)
2018-2-24 10:52:37 error: uncaughtException: Cannot find module 'koa-router'
Error: Cannot find module 'koa-router'
    at Function.Module._resolveFilename (module.js:542:15)
    at Function.Module._load (module.js:472:25)
    at Module.require (module.js:585:17)
    at require (internal/module.js:11:18)
    at Object.<anonymous> (/home/velioo/training-projects/velioo-online_store_koa/app.js:25:16)
    at Module._compile (module.js:641:30)
    at Object.Module._extensions..js (module.js:652:10)
    at Module.load (module.js:560:32)
    at tryModuleLoad (module.js:503:12)
    at Function.Module._load (module.js:495:3)
2018-2-24 10:52:58 error: uncaughtException: Cannot find module 'koa-router'
Error: Cannot find module 'koa-router'
    at Function.Module._resolveFilename (module.js:542:15)
    at Function.Module._load (module.js:472:25)
    at Module.require (module.js:585:17)
    at require (internal/module.js:11:18)
    at Object.<anonymous> (/home/velioo/training-projects/velioo-online_store_koa/app.js:25:16)
    at Module._compile (module.js:641:30)
    at Object.Module._extensions..js (module.js:652:10)
    at Module.load (module.js:560:32)
    at tryModuleLoad (module.js:503:12)
    at Function.Module._load (module.js:495:3)
2018-2-24 10:52:59 error: uncaughtException: Cannot find module 'koa-router'
Error: Cannot find module 'koa-router'
    at Function.Module._resolveFilename (module.js:542:15)
    at Function.Module._load (module.js:472:25)
    at Module.require (module.js:585:17)
    at require (internal/module.js:11:18)
    at Object.<anonymous> (/home/velioo/training-projects/velioo-online_store_koa/app.js:25:16)
    at Module._compile (module.js:641:30)
    at Object.Module._extensions..js (module.js:652:10)
    at Module.load (module.js:560:32)
    at tryModuleLoad (module.js:503:12)
    at Function.Module._load (module.js:495:3)
2018-2-24 10:53:01 error: uncaughtException: Cannot find module 'koa-router'
Error: Cannot find module 'koa-router'
    at Function.Module._resolveFilename (module.js:542:15)
    at Function.Module._load (module.js:472:25)
    at Module.require (module.js:585:17)
    at require (internal/module.js:11:18)
    at Object.<anonymous> (/home/velioo/training-projects/velioo-online_store_koa/app.js:25:16)
    at Module._compile (module.js:641:30)
    at Object.Module._extensions..js (module.js:652:10)
    at Module.load (module.js:560:32)
    at tryModuleLoad (module.js:503:12)
    at Function.Module._load (module.js:495:3)
2018-2-24 10:53:23 error: uncaughtException: Cannot find module 'koa-router'
Error: Cannot find module 'koa-router'
    at Function.Module._resolveFilename (module.js:542:15)
    at Function.Module._load (module.js:472:25)
    at Module.require (module.js:585:17)
    at require (internal/module.js:11:18)
    at Object.<anonymous> (/home/velioo/training-projects/velioo-online_store_koa/app.js:25:16)
    at Module._compile (module.js:641:30)
    at Object.Module._extensions..js (module.js:652:10)
    at Module.load (module.js:560:32)
    at tryModuleLoad (module.js:503:12)
    at Function.Module._load (module.js:495:3)
2018-2-24 10:53:43 error: uncaughtException: Cannot find module 'koa-router'
Error: Cannot find module 'koa-router'
    at Function.Module._resolveFilename (module.js:542:15)
    at Function.Module._load (module.js:472:25)
    at Module.require (module.js:585:17)
    at require (internal/module.js:11:18)
    at Object.<anonymous> (/home/velioo/training-projects/velioo-online_store_koa/app.js:25:16)
    at Module._compile (module.js:641:30)
    at Object.Module._extensions..js (module.js:652:10)
    at Module.load (module.js:560:32)
    at tryModuleLoad (module.js:503:12)
    at Function.Module._load (module.js:495:3)
2018-2-24 10:54:01 error: uncaughtException: Cannot find module 'koa-router'
Error: Cannot find module 'koa-router'
    at Function.Module._resolveFilename (module.js:542:15)
    at Function.Module._load (module.js:472:25)
    at Module.require (module.js:585:17)
    at require (internal/module.js:11:18)
    at Object.<anonymous> (/home/velioo/training-projects/velioo-online_store_koa/app.js:25:16)
    at Module._compile (module.js:641:30)
    at Object.Module._extensions..js (module.js:652:10)
    at Module.load (module.js:560:32)
    at tryModuleLoad (module.js:503:12)
    at Function.Module._load (module.js:495:3)
2018-2-24 10:55:05 error: uncaughtException: Cannot find module 'koa-router'
Error: Cannot find module 'koa-router'
    at Function.Module._resolveFilename (module.js:542:15)
    at Function.Module._load (module.js:472:25)
    at Module.require (module.js:585:17)
    at require (internal/module.js:11:18)
    at Object.<anonymous> (/home/velioo/training-projects/velioo-online_store_koa/app.js:25:16)
    at Module._compile (module.js:641:30)
    at Object.Module._extensions..js (module.js:652:10)
    at Module.load (module.js:560:32)
    at tryModuleLoad (module.js:503:12)
    at Function.Module._load (module.js:495:3)
2018-2-24 10:55:19 error: uncaughtException: Cannot find module 'koa-router'
Error: Cannot find module 'koa-router'
    at Function.Module._resolveFilename (module.js:542:15)
    at Function.Module._load (module.js:472:25)
    at Module.require (module.js:585:17)
    at require (internal/module.js:11:18)
    at Object.<anonymous> (/home/velioo/training-projects/velioo-online_store_koa/app.js:25:16)
    at Module._compile (module.js:641:30)
    at Object.Module._extensions..js (module.js:652:10)
    at Module.load (module.js:560:32)
    at tryModuleLoad (module.js:503:12)
    at Function.Module._load (module.js:495:3)
2018-2-24 10:55:57 error: uncaughtException: Cannot find module 'koa-router'
Error: Cannot find module 'koa-router'
    at Function.Module._resolveFilename (module.js:542:15)
    at Function.Module._load (module.js:472:25)
    at Module.require (module.js:585:17)
    at require (internal/module.js:11:18)
    at Object.<anonymous> (/home/velioo/training-projects/velioo-online_store_koa/app.js:25:16)
    at Module._compile (module.js:641:30)
    at Object.Module._extensions..js (module.js:652:10)
    at Module.load (module.js:560:32)
    at tryModuleLoad (module.js:503:12)
    at Function.Module._load (module.js:495:3)
2018-2-24 10:56:13 error: uncaughtException: Cannot find module 'koa-router'
Error: Cannot find module 'koa-router'
    at Function.Module._resolveFilename (module.js:542:15)
    at Function.Module._load (module.js:472:25)
    at Module.require (module.js:585:17)
    at require (internal/module.js:11:18)
    at Object.<anonymous> (/home/velioo/training-projects/velioo-online_store_koa/app.js:25:16)
    at Module._compile (module.js:641:30)
    at Object.Module._extensions..js (module.js:652:10)
    at Module.load (module.js:560:32)
    at tryModuleLoad (module.js:503:12)
    at Function.Module._load (module.js:495:3)
2018-2-24 10:56:16 error: uncaughtException: Cannot find module 'koa-router'
Error: Cannot find module 'koa-router'
    at Function.Module._resolveFilename (module.js:542:15)
    at Function.Module._load (module.js:472:25)
    at Module.require (module.js:585:17)
    at require (internal/module.js:11:18)
    at Object.<anonymous> (/home/velioo/training-projects/velioo-online_store_koa/app.js:25:16)
    at Module._compile (module.js:641:30)
    at Object.Module._extensions..js (module.js:652:10)
    at Module.load (module.js:560:32)
    at tryModuleLoad (module.js:503:12)
    at Function.Module._load (module.js:495:3)
2018-2-24 10:56:45 error: uncaughtException: Cannot find module 'koa-router'
Error: Cannot find module 'koa-router'
    at Function.Module._resolveFilename (module.js:542:15)
    at Function.Module._load (module.js:472:25)
    at Module.require (module.js:585:17)
    at require (internal/module.js:11:18)
    at Object.<anonymous> (/home/velioo/training-projects/velioo-online_store_koa/app.js:25:16)
    at Module._compile (module.js:641:30)
    at Object.Module._extensions..js (module.js:652:10)
    at Module.load (module.js:560:32)
    at tryModuleLoad (module.js:503:12)
    at Function.Module._load (module.js:495:3)
2018-2-24 10:56:57 error: uncaughtException: Cannot find module 'koa-router'
Error: Cannot find module 'koa-router'
    at Function.Module._resolveFilename (module.js:542:15)
    at Function.Module._load (module.js:472:25)
    at Module.require (module.js:585:17)
    at require (internal/module.js:11:18)
    at Object.<anonymous> (/home/velioo/training-projects/velioo-online_store_koa/app.js:25:16)
    at Module._compile (module.js:641:30)
    at Object.Module._extensions..js (module.js:652:10)
    at Module.load (module.js:560:32)
    at tryModuleLoad (module.js:503:12)
    at Function.Module._load (module.js:495:3)
2018-2-24 10:57:04 error: uncaughtException: Cannot find module 'koa-router'
Error: Cannot find module 'koa-router'
    at Function.Module._resolveFilename (module.js:542:15)
    at Function.Module._load (module.js:472:25)
    at Module.require (module.js:585:17)
    at require (internal/module.js:11:18)
    at Object.<anonymous> (/home/velioo/training-projects/velioo-online_store_koa/app.js:25:16)
    at Module._compile (module.js:641:30)
    at Object.Module._extensions..js (module.js:652:10)
    at Module.load (module.js:560:32)
    at tryModuleLoad (module.js:503:12)
    at Function.Module._load (module.js:495:3)
2018-2-24 10:58:34 error: uncaughtException: router is not defined
ReferenceError: router is not defined
    at Object.<anonymous> (/home/velioo/training-projects/velioo-online_store_koa/app.js:33:1)
    at Module._compile (module.js:641:30)
    at Object.Module._extensions..js (module.js:652:10)
    at Module.load (module.js:560:32)
    at tryModuleLoad (module.js:503:12)
    at Function.Module._load (module.js:495:3)
    at Function.Module.runMain (module.js:682:10)
    at startup (bootstrap_node.js:191:16)
    at bootstrap_node.js:613:3
2018-2-24 10:59:33 error: uncaughtException: path is not defined
ReferenceError: path is not defined
    at Object.<anonymous> (/home/velioo/training-projects/velioo-online_store_koa/app.js:71:21)
    at Module._compile (module.js:641:30)
    at Object.Module._extensions..js (module.js:652:10)
    at Module.load (module.js:560:32)
    at tryModuleLoad (module.js:503:12)
    at Function.Module._load (module.js:495:3)
    at Function.Module.runMain (module.js:682:10)
    at startup (bootstrap_node.js:191:16)
    at bootstrap_node.js:613:3
2018-2-24 11:32:00 error: uncaughtException: middleware must be a function!
TypeError: middleware must be a function!
    at Application.use (/home/velioo/training-projects/velioo-online_store_koa/node_modules/koa/lib/application.js:105:41)
    at Object.<anonymous> (/home/velioo/training-projects/velioo-online_store_koa/app.js:56:5)
    at Module._compile (module.js:641:30)
    at Object.Module._extensions..js (module.js:652:10)
    at Module.load (module.js:560:32)
    at tryModuleLoad (module.js:503:12)
    at Function.Module._load (module.js:495:3)
    at Function.Module.runMain (module.js:682:10)
    at startup (bootstrap_node.js:191:16)
    at bootstrap_node.js:613:3
2018-2-24 11:32:30 error: uncaughtException: middleware must be a function!
TypeError: middleware must be a function!
    at Application.use (/home/velioo/training-projects/velioo-online_store_koa/node_modules/koa/lib/application.js:105:41)
    at Object.<anonymous> (/home/velioo/training-projects/velioo-online_store_koa/app.js:56:5)
    at Module._compile (module.js:641:30)
    at Object.Module._extensions..js (module.js:652:10)
    at Module.load (module.js:560:32)
    at tryModuleLoad (module.js:503:12)
    at Function.Module._load (module.js:495:3)
    at Function.Module.runMain (module.js:682:10)
    at startup (bootstrap_node.js:191:16)
    at bootstrap_node.js:613:3
2018-2-24 11:33:34 error: uncaughtException: Cannot read property 'length' of undefined
TypeError: Cannot read property 'length' of undefined
    at parse (/home/velioo/training-projects/velioo-online_store_koa/node_modules/path-to-regexp/index.js:91:19)
    at stringToRegexp (/home/velioo/training-projects/velioo-online_store_koa/node_modules/path-to-regexp/index.js:322:25)
    at pathToRegexp (/home/velioo/training-projects/velioo-online_store_koa/node_modules/path-to-regexp/index.js:425:10)
    at new Layer (/home/velioo/training-projects/velioo-online_store_koa/node_modules/koa-router/lib/layer.js:47:17)
    at Router.register (/home/velioo/training-projects/velioo-online_store_koa/node_modules/koa-router/lib/router.js:553:15)
    at Router.(anonymous function) [as get] (/home/velioo/training-projects/velioo-online_store_koa/node_modules/koa-router/lib/router.js:202:10)
    at Object.<anonymous> (/home/velioo/training-projects/velioo-online_store_koa/app.js:41:8)
    at Module._compile (module.js:641:30)
    at Object.Module._extensions..js (module.js:652:10)
    at Module.load (module.js:560:32)
2018-2-24 11:37:38 error: uncaughtException: r is not defined
ReferenceError: r is not defined
    at Object.<anonymous> (/home/velioo/training-projects/velioo-online_store_koa/app.js:46:1)
    at Module._compile (module.js:641:30)
    at Object.Module._extensions..js (module.js:652:10)
    at Module.load (module.js:560:32)
    at tryModuleLoad (module.js:503:12)
    at Function.Module._load (module.js:495:3)
    at Function.Module.runMain (module.js:682:10)
    at startup (bootstrap_node.js:191:16)
    at bootstrap_node.js:613:3
2018-2-24 11:38:30 error: uncaughtException: middleware must be a function!
TypeError: middleware must be a function!
    at Application.use (/home/velioo/training-projects/velioo-online_store_koa/node_modules/koa/lib/application.js:105:41)
    at Object.<anonymous> (/home/velioo/training-projects/velioo-online_store_koa/app.js:88:5)
    at Module._compile (module.js:641:30)
    at Object.Module._extensions..js (module.js:652:10)
    at Module.load (module.js:560:32)
    at tryModuleLoad (module.js:503:12)
    at Function.Module._load (module.js:495:3)
    at Function.Module.runMain (module.js:682:10)
    at startup (bootstrap_node.js:191:16)
    at bootstrap_node.js:613:3
