12/07/2017 03:34:15 PM Serving HTTP on port 8888 ...
12/07/2017 03:34:45 PM Serving HTTP on port 8888 ... --> 
12/07/2017 03:35:33 PM --> Serving HTTP on port 8888 ...
12/07/2017 03:36:01 PM --> Serving HTTP on port 8888 ...
12/07/2017 03:40:30 PM --> Creating socket...
12/07/2017 03:40:30 PM --> Setting socket options...
12/07/2017 03:40:30 PM --> Binding Server Address to :8888
12/07/2017 03:40:30 PM --> Start listening for connections...
12/07/2017 03:40:30 PM --> REQUEST_QUEUE_SIZE = 1024
12/07/2017 03:40:30 PM --> Serving HTTP on port 8888 ...
12/07/2017 03:40:30 PM --> Setting SIGCHLD signals handler...
12/07/2017 03:40:30 PM --> Reading forbidden dirs list file: ./config/forbidden_dirs.txt
12/07/2017 03:43:08 PM --> Creating socket with AF_INET and SOCK_STREAM
12/07/2017 03:43:08 PM --> Setting socket options: SOL_SOCKET, SO_REUSEADDR, 1
12/07/2017 03:43:08 PM --> Binding Server Address to :8888
12/07/2017 03:43:08 PM --> Start listening for connections...
12/07/2017 03:43:08 PM --> REQUEST_QUEUE_SIZE = 1024
12/07/2017 03:43:08 PM --> Serving HTTP on port 8888 ...
12/07/2017 03:43:08 PM --> Setting SIGCHLD signals handler...
12/07/2017 03:43:08 PM --> Reading forbidden dirs list file: ./config/forbidden_dirs.txt
12/07/2017 03:43:08 PM --> Forbidden files: logs, config
12/07/2017 03:50:40 PM --> Creating socket with AF_INET and SOCK_STREAM
12/07/2017 03:50:40 PM --> Setting socket options: SOL_SOCKET, SO_REUSEADDR, 1
12/07/2017 03:50:40 PM --> Binding Server Address to :8888
12/07/2017 03:50:40 PM --> Start listening for connections...
12/07/2017 03:50:40 PM --> REQUEST_QUEUE_SIZE = 1024
12/07/2017 03:50:40 PM --> Serving HTTP on port 8888 ...
12/07/2017 03:50:40 PM --> Setting SIGCHLD signals handler...
12/07/2017 03:50:40 PM --> Reading forbidden dirs list file: ./config/forbidden_dirs.txt
12/07/2017 03:50:40 PM --> Forbidden dirs: logs, config
12/07/2017 03:50:40 PM --> Starting while loop...
12/07/2017 03:50:40 PM --> Accepting connections...
12/07/2017 03:50:42 PM --> Connection accepted, invoking fork()
12/07/2017 03:50:42 PM --> Parent: Closing parent client connection...
12/07/2017 03:50:42 PM --> Accepting connections...
12/07/2017 03:50:42 PM --> Child 16155: Closing child copy socket...
12/07/2017 03:50:42 PM --> Child 16155: Handling request...
12/07/2017 03:50:42 PM --> Connection accepted, invoking fork()
12/07/2017 03:50:42 PM --> Parent: Closing parent client connection...
12/07/2017 03:50:42 PM --> Child 16164: Closing child copy socket...
12/07/2017 03:50:42 PM --> Accepting connections...
12/07/2017 03:50:42 PM --> Child 16164: Handling request...
12/07/2017 03:50:42 PM --> Child 16155: Closing client connection...
12/07/2017 03:50:42 PM --> Child 16155: Exiting...
12/07/2017 03:50:42 PM --> Child 16164: Closing client connection...
12/07/2017 03:50:42 PM --> Child 16164: Exiting...
12/07/2017 03:51:27 PM --> Connection accepted, invoking fork()
12/07/2017 03:51:27 PM --> Parent: Closing parent client connection...
12/07/2017 03:51:27 PM --> Accepting connections...
12/07/2017 03:51:27 PM --> Child 16172: Closing child copy socket...
12/07/2017 03:51:27 PM --> Child 16172: Handling request...
12/07/2017 03:51:27 PM --> Child 16172: Closing client connection...
12/07/2017 03:51:27 PM --> Child 16172: Exiting...
12/07/2017 03:52:04 PM --> Creating socket with AF_INET and SOCK_STREAM
12/07/2017 03:52:04 PM --> Setting socket options: SOL_SOCKET, SO_REUSEADDR, 1
12/07/2017 03:52:04 PM --> Binding Server Address to :8888
12/07/2017 03:52:04 PM --> Start listening for connections...
12/07/2017 03:52:04 PM --> REQUEST_QUEUE_SIZE = 1024
12/07/2017 03:52:04 PM --> Serving HTTP on port 8888 ...
12/07/2017 03:52:04 PM --> Setting SIGCHLD signals handler...
12/07/2017 03:52:04 PM --> Reading forbidden dirs list file: ./config/forbidden_dirs.txt
12/07/2017 03:52:04 PM --> Forbidden dirs: logs, config
12/07/2017 03:52:04 PM --> Starting while loop...
12/07/2017 03:52:04 PM --> Parent: Accepting connections...
12/07/2017 03:52:07 PM --> Parent: Connection accepted, invoking fork()
12/07/2017 03:52:07 PM --> Parent: Closing parent client connection...
12/07/2017 03:52:07 PM --> Parent: Accepting connections...
12/07/2017 03:52:07 PM --> Child 16189: Closing child copy socket...
12/07/2017 03:52:07 PM --> Child 16189: Handling request...
12/07/2017 03:52:07 PM --> Child 16189: Closing client connection...
12/07/2017 03:52:07 PM --> Child 16189: Exiting...
12/07/2017 03:52:07 PM --> Parent: Connection accepted, invoking fork()
12/07/2017 03:52:07 PM --> Parent: Closing parent client connection...
12/07/2017 03:52:07 PM --> Parent: Accepting connections...
12/07/2017 03:52:07 PM --> Child 16191: Closing child copy socket...
12/07/2017 03:52:07 PM --> Child 16191: Handling request...
12/07/2017 03:52:07 PM --> Child 16191: Closing client connection...
12/07/2017 03:52:07 PM --> Child 16191: Exiting...
