2018-02-17T10:02:33.011Z [undefined] info: Starting server on 8885
2018-02-17T10:04:37.549Z info: Starting server on port 8885
12:07:28 info: Starting server on port 8885
2018-2-17 12:08:05 info: Starting server on port 8885
2018-2-17 12:22:26 info: Starting server on port 8885
2018-2-17 12:23:20 info: Starting server on port 8885
sda
2018-2-17 12:25:21 info: Starting server on port 8885
2018-2-17 12:31:50 info: Starting server... 
2018-2-17 12:31:50 info: Listening on port 8885
2018-2-17 12:31:50 error: Error while starting listen function
Error: undefined
2018-2-17 12:33:15 info: Starting server... 
2018-2-17 12:33:15 info: Listening on port 443
2018-2-17 12:33:21 info: Starting server... 
2018-2-17 12:33:21 info: Listening on port 443
2018-2-17 12:35:33 info: Starting server... 
2018-2-17 12:35:33 info: Listening on port 443
2018-2-17 12:35:38 info: Starting server... 
2018-2-17 12:35:38 info: Listening on port 443
2018-2-17 12:35:55 info: Starting server... 
2018-2-17 12:35:55 info: Listening on port 443
2018-2-17 12:36:11 info: Starting server... 
2018-2-17 12:36:11 info: Listening on port 443
2018-2-17 12:37:48 info: Creating server... 
2018-2-17 12:37:48 info: Starting to listen for connections...
2018-2-17 12:37:48 info: Listening on port 443
2018-2-17 12:38:12 info: Creating server... 
2018-2-17 12:38:12 info: Starting to listen for connections...
2018-2-17 12:38:12 info: Listening on port 443
2018-2-17 12:38:17 info: Creating server... 
2018-2-17 12:38:17 info: Starting to listen for connections...
2018-2-17 12:38:17 info: Listening on port 443
2018-2-17 12:39:47 info: Creating server... 
2018-2-17 12:39:47 info: Starting to listen for connections...
2018-2-17 12:39:47 info: Listening on port 443
2018-2-17 12:40:41 info: Creating server... 
2018-2-17 12:40:41 info: Starting to listen for connections...
2018-2-17 12:40:41 info: Listening on port 443
2018-2-17 12:40:58 info: Creating server... 
2018-2-17 12:40:58 info: Starting to listen for connections...
2018-2-17 12:40:58 info: Listening on port 443
2018-2-17 12:41:16 info: Creating server... 
2018-2-17 12:41:16 info: Starting to listen for connections...
2018-2-17 12:41:16 info: Listening on port 443
2018-2-17 12:41:52 info: Creating server... 
2018-2-17 12:41:52 info: Starting to listen for connections...
2018-2-17 12:41:52 info: Listening on port 443
2018-2-17 12:42:01 info: Creating server... 
2018-2-17 12:42:01 info: Starting to listen for connections...
2018-2-17 12:42:01 info: Listening on port 80
2018-2-17 12:42:06 info: Creating server... 
2018-2-17 12:42:06 info: Starting to listen for connections...
2018-2-17 12:42:06 info: Listening on port 231
2018-2-17 12:42:15 info: Creating server... 
2018-2-17 12:42:15 info: Starting to listen for connections...
2018-2-17 12:42:15 info: Listening on port 2666
2018-2-17 12:42:48 info: Creating server... 
2018-2-17 12:42:48 info: Starting to listen for connections...
2018-2-17 12:42:48 info: Listening on port 2666
2018-2-17 12:42:51 info: Creating server... 
2018-2-17 12:42:51 info: Starting to listen for connections...
2018-2-17 12:42:51 info: Listening on port 443
2018-2-17 12:42:51 error: Error while starting listen function
Error: Error: listen EACCES 0.0.0.0:443
2018-2-17 12:43:15 info: Creating server... 
2018-2-17 12:43:15 info: Starting to listen for connections...
2018-2-17 12:43:15 info: Listening on port 443
2018-2-17 12:43:15 error: Error while starting listen function.Error: listen EACCES 0.0.0.0:443
2018-2-17 12:43:31 info: Creating server... 
2018-2-17 12:43:31 info: Starting to listen for connections...
2018-2-17 12:43:31 info: Listening on port 443
2018-2-17 12:43:31 error: Error while starting listen function.
Error: listen EACCES 0.0.0.0:443
2018-2-17 13:00:27 info: Creating server... 
2018-2-17 13:00:27 info: Starting to listen for connections...
2018-2-17 13:00:27 info: Listening on port 443
2018-2-17 13:00:27 error: Error while starting listen function.
Error: listen EACCES 127.0.0.1:443
2018-2-17 13:01:47 info: Creating server... 
2018-2-17 13:01:47 info: Starting to listen for connections...
2018-2-17 13:01:47 info: Listening on port 8887
2018-2-17 13:01:47 error: Port in use. Retrying...
2018-2-17 13:01:47 error: Error while starting listen function.
Error: listen EADDRINUSE 127.0.0.1:8887
2018-2-17 13:01:48 error: Port in use. Retrying...
2018-2-17 13:01:48 error: Error while starting listen function.
Error: listen EADDRINUSE 127.0.0.1:8887
2018-2-17 13:01:49 error: Port in use. Retrying...
2018-2-17 13:01:49 error: Error while starting listen function.
Error: listen EADDRINUSE 127.0.0.1:8887
2018-2-17 13:01:50 error: Port in use. Retrying...
2018-2-17 13:01:50 error: Error while starting listen function.
Error: listen EADDRINUSE 127.0.0.1:8887
2018-2-17 13:01:51 error: Port in use. Retrying...
2018-2-17 13:01:51 error: Error while starting listen function.
Error: listen EADDRINUSE 127.0.0.1:8887
2018-2-17 13:01:52 error: Port in use. Retrying...
2018-2-17 13:01:52 error: Error while starting listen function.
Error: listen EADDRINUSE 127.0.0.1:8887
2018-2-17 13:01:53 error: Port in use. Retrying...
2018-2-17 13:01:53 error: Error while starting listen function.
Error: listen EADDRINUSE 127.0.0.1:8887
2018-2-17 13:01:54 error: Port in use. Retrying...
2018-2-17 13:01:54 error: Error while starting listen function.
Error: listen EADDRINUSE 127.0.0.1:8887
2018-2-17 13:01:55 error: Port in use. Retrying...
2018-2-17 13:01:55 error: Error while starting listen function.
Error: listen EADDRINUSE 127.0.0.1:8887
2018-2-17 13:01:56 error: Port in use. Retrying...
2018-2-17 13:01:56 error: Error while starting listen function.
Error: listen EADDRINUSE 127.0.0.1:8887
2018-2-17 13:01:57 error: Port in use. Retrying...
2018-2-17 13:01:57 error: Error while starting listen function.
Error: listen EADDRINUSE 127.0.0.1:8887
2018-2-17 13:01:58 error: Port in use. Retrying...
2018-2-17 13:01:58 error: Error while starting listen function.
Error: listen EADDRINUSE 127.0.0.1:8887
2018-2-17 13:01:59 error: Port in use. Retrying...
2018-2-17 13:01:59 error: Error while starting listen function.
Error: listen EADDRINUSE 127.0.0.1:8887
2018-2-17 13:02:00 error: Port in use. Retrying...
2018-2-17 13:02:00 error: Error while starting listen function.
Error: listen EADDRINUSE 127.0.0.1:8887
2018-2-17 13:02:01 error: Port in use. Retrying...
2018-2-17 13:02:01 error: Error while starting listen function.
Error: listen EADDRINUSE 127.0.0.1:8887
2018-2-17 13:02:02 error: Port in use. Retrying...
2018-2-17 13:02:02 error: Error while starting listen function.
Error: listen EADDRINUSE 127.0.0.1:8887
2018-2-17 13:03:47 info: Creating server... 
2018-2-17 13:03:47 info: Starting to listen for connections...
2018-2-17 13:03:47 info: Listening on port 8887
2018-2-17 13:04:10 info: Creating server... 
2018-2-17 13:04:10 info: Starting to listen for connections...
2018-2-17 13:04:10 info: Listening on port 8887
2018-2-17 13:04:10 error: Port in use. Retrying...
2018-2-17 13:04:10 error: Error while starting listen function.
Error: listen EADDRINUSE 127.0.0.1:8887
2018-2-17 13:04:11 info: Listening on port 8887
2018-2-17 13:04:11 error: Port in use. Retrying...
2018-2-17 13:04:11 error: Error while starting listen function.
Error: listen EADDRINUSE 127.0.0.1:8887
2018-2-17 13:04:12 info: Listening on port 8887
2018-2-17 13:04:12 error: Port in use. Retrying...
2018-2-17 13:04:12 error: Error while starting listen function.
Error: listen EADDRINUSE 127.0.0.1:8887
2018-2-17 13:04:13 info: Listening on port 8887
2018-2-17 13:04:13 error: Port in use. Retrying...
2018-2-17 13:04:13 error: Error while starting listen function.
Error: listen EADDRINUSE 127.0.0.1:8887
2018-2-17 13:04:14 info: Listening on port 8887
2018-2-17 13:04:14 error: Port in use. Retrying...
2018-2-17 13:04:14 error: Error while starting listen function.
Error: listen EADDRINUSE 127.0.0.1:8887
2018-2-17 13:04:15 info: Listening on port 8887
2018-2-17 13:04:30 info: Creating server... 
2018-2-17 13:04:30 info: Starting to listen for connections...
2018-2-17 13:04:30 info: Listening on port 443
2018-2-17 13:04:30 error: Error while starting listen function.
Error: listen EACCES 127.0.0.1:443
2018-2-17 13:04:40 info: Creating server... 
2018-2-17 13:04:40 info: Starting to listen for connections...
2018-2-17 13:04:40 info: Listening on port 8885
2018-2-17 13:27:35 info: Creating server... 
2018-2-17 13:27:35 info: Starting to listen for connections...
2018-2-17 13:27:35 info: Listening on port 8885
2018-2-17 13:29:34 info: Creating server... 
2018-2-17 13:29:34 info: Starting to listen for connections...
2018-2-17 13:29:34 info: Listening on port 8885
2018-2-17 13:33:56 info: Creating server... 
2018-2-17 13:33:56 info: Starting to listen for connections...
2018-2-17 13:33:56 info: Listening on port 8885
2018-2-17 13:34:00 info: Incoming request timed out
2018-2-17 13:34:02 info: Incoming request timed out
2018-2-17 13:34:24 info: Incoming request timed out
2018-2-17 13:35:14 info: Creating server... 
2018-2-17 13:35:14 info: Starting to listen for connections...
2018-2-17 13:35:14 info: Listening on port 8885
2018-2-17 13:35:15 info: Incoming request timed out
2018-2-17 13:35:29 info: Incoming request timed out
2018-2-17 13:35:58 info: Creating server... 
2018-2-17 13:35:58 info: Starting to listen for connections...
2018-2-17 13:35:58 info: Listening on port 8885
2018-2-17 13:36:00 info: Incoming request timed out
2018-2-17 13:36:01 info: Incoming request timed out
2018-2-17 13:36:19 info: Creating server... 
2018-2-17 13:36:19 info: Starting to listen for connections...
2018-2-17 13:36:19 info: Listening on port 8885
2018-2-17 13:36:21 info: Incoming request timed out
2018-2-17 13:36:22 info: Incoming request timed out
2018-2-17 13:36:22 info: Incoming request timed out
2018-2-17 13:36:23 info: Incoming request timed out
2018-2-17 13:36:23 info: Incoming request timed out
2018-2-17 13:36:58 info: Incoming request timed out
2018-2-17 13:36:58 info: Incoming request timed out
2018-2-17 13:36:58 info: Incoming request timed out
2018-2-17 13:36:59 info: Incoming request timed out
2018-2-17 13:36:59 info: Incoming request timed out
2018-2-17 13:36:59 info: Incoming request timed out
2018-2-17 13:37:41 info: Creating server... 
2018-2-17 13:37:41 info: Starting to listen for connections...
2018-2-17 13:37:41 info: Listening on port 8885
2018-2-17 13:37:42 info: Incoming request timed out
2018-2-17 13:37:51 info: Creating server... 
2018-2-17 13:37:51 info: Starting to listen for connections...
2018-2-17 13:37:51 info: Listening on port 8885
2018-2-17 13:39:08 info: Creating server... 
2018-2-17 13:39:08 info: Starting to listen for connections...
2018-2-17 13:39:08 info: Listening on port 8885
2018-2-17 13:39:10 info: Incoming request timed out
2018-2-17 13:39:10 info: Incoming request timed out
2018-2-17 13:39:15 info: Incoming request timed out
2018-2-17 13:39:18 info: Incoming request timed out
2018-2-17 13:39:18 info: Incoming request timed out
2018-2-17 13:39:18 info: Incoming request timed out
2018-2-17 13:39:18 info: Incoming request timed out
2018-2-17 13:39:18 info: Incoming request timed out
2018-2-17 13:39:41 info: Creating server... 
2018-2-17 13:39:41 info: Starting to listen for connections...
2018-2-17 13:39:41 info: Listening on port 8885
2018-2-17 13:39:42 info: Incoming request timed out
2018-2-17 13:39:43 info: Incoming request timed out
2018-2-17 13:39:45 info: Incoming request timed out
2018-2-17 13:39:45 info: Incoming request timed out
2018-2-17 13:39:46 info: Incoming request timed out
2018-2-17 13:39:46 info: Incoming request timed out
2018-2-17 13:39:46 info: Incoming request timed out
2018-2-17 13:39:46 info: Incoming request timed out
2018-2-17 13:39:46 info: Incoming request timed out
2018-2-17 13:39:47 info: Incoming request timed out
2018-2-17 13:39:47 info: Incoming request timed out
2018-2-17 13:39:47 info: Incoming request timed out
2018-2-17 13:39:47 info: Incoming request timed out
2018-2-17 13:39:48 info: Incoming request timed out
2018-2-17 13:39:48 info: Incoming request timed out
2018-2-17 13:39:48 info: Incoming request timed out
2018-2-17 13:39:48 info: Incoming request timed out
2018-2-17 13:39:49 info: Incoming request timed out
2018-2-17 13:39:49 info: Incoming request timed out
2018-2-17 13:39:51 info: Incoming request timed out
2018-2-17 13:40:06 info: Creating server... 
2018-2-17 13:40:06 info: Starting to listen for connections...
2018-2-17 13:40:06 info: Listening on port 8885
2018-2-17 13:40:18 info: Incoming request timed out
2018-2-17 13:41:51 info: Creating server... 
2018-2-17 13:41:51 info: Starting to listen for connections...
2018-2-17 13:41:51 info: Listening on port 8885
2018-2-17 13:42:01 info: Incoming request timed out
2018-2-17 13:42:18 info: Creating server... 
2018-2-17 13:42:18 info: Starting to listen for connections...
2018-2-17 13:42:18 info: Listening on port 8885
2018-2-17 13:42:30 info: Incoming request timed out
2018-2-17 13:44:04 info: Creating server... 
2018-2-17 13:44:04 info: Starting to listen for connections...
2018-2-17 13:44:04 info: Listening on port 8885
2018-2-17 13:44:08 info: Creating server... 
2018-2-17 13:44:08 info: Starting to listen for connections...
2018-2-17 13:44:08 info: Listening on port 8885
2018-2-17 13:44:21 info: Incoming request timed out
2018-2-17 13:44:21 info: Done
2018-2-17 13:44:54 info: Creating server... 
2018-2-17 13:44:54 info: Starting to listen for connections...
2018-2-17 13:44:54 info: Listening on port 8885
2018-2-17 13:49:53 info: Creating server... 
2018-2-17 13:49:53 info: Starting to listen for connections...
2018-2-17 13:49:53 info: Listening on port 8885
2018-2-17 13:50:06 info: Incoming request timed out
2018-2-17 13:50:06 info: Done
2018-2-17 13:50:50 info: Creating server... 
2018-2-17 13:50:50 info: Starting to listen for connections...
2018-2-17 13:50:50 info: Listening on port 8885
2018-2-17 13:50:51 info: asda
2018-2-17 13:51:01 info: Incoming request timed out
2018-2-17 13:51:01 info: Done
2018-2-17 13:53:04 info: Creating server... 
2018-2-17 13:53:04 info: Starting to listen for connections...
2018-2-17 13:53:04 info: Listening on port 8885
2018-2-17 13:55:04 info: Creating server... 
2018-2-17 13:55:04 info: Starting to listen for connections...
2018-2-17 13:55:04 info: Listening on port 8885
2018-2-17 13:55:43 info: Creating server... 
2018-2-17 13:55:43 info: Starting to listen for connections...
2018-2-17 13:55:43 info: Listening on port 8885
2018-2-17 13:55:53 info: Incoming request timed out
2018-2-17 13:55:53 info: Done
2018-2-17 13:55:53 info: Incoming request timed out
2018-2-17 13:55:53 info: Done
2018-2-17 13:55:53 info: Incoming request timed out
2018-2-17 13:55:53 info: Done
2018-2-17 13:55:53 info: Incoming request timed out
2018-2-17 13:55:53 info: Done
2018-2-17 13:55:53 info: Incoming request timed out
2018-2-17 13:55:53 info: Done
2018-2-17 13:55:53 info: Incoming request timed out
2018-2-17 13:55:53 info: Done
2018-2-17 13:55:53 info: Incoming request timed out
2018-2-17 13:55:53 info: Done
2018-2-17 13:55:53 info: Incoming request timed out
2018-2-17 13:55:53 info: Done
2018-2-17 13:56:25 info: Creating server... 
2018-2-17 13:56:25 info: Starting to listen for connections...
2018-2-17 13:56:25 info: Listening on port 8885
2018-2-17 13:56:35 info: Incoming request timed out
2018-2-17 13:56:35 info: Done
2018-2-17 13:56:35 info: Incoming request timed out
2018-2-17 13:56:35 info: Done
2018-2-17 13:56:35 info: Incoming request timed out
2018-2-17 13:56:35 info: Done
2018-2-17 13:56:35 info: Incoming request timed out
2018-2-17 13:56:35 info: Done
2018-2-17 13:56:35 info: Incoming request timed out
2018-2-17 13:56:35 info: Done
2018-2-17 13:56:35 info: Incoming request timed out
2018-2-17 13:56:35 info: Done
2018-2-17 13:56:35 info: Incoming request timed out
2018-2-17 13:56:35 info: Done
2018-2-17 13:56:35 info: Incoming request timed out
2018-2-17 13:56:35 info: Done
2018-2-17 13:56:35 info: Incoming request timed out
2018-2-17 13:56:35 info: Done
2018-2-17 13:56:35 info: Incoming request timed out
2018-2-17 13:56:35 info: Done
2018-2-17 13:56:35 info: Incoming request timed out
2018-2-17 13:56:35 info: Done
2018-2-17 13:56:35 info: Incoming request timed out
2018-2-17 13:56:35 info: Done
2018-2-17 13:57:16 info: Creating server... 
2018-2-17 13:57:16 info: Starting to listen for connections...
2018-2-17 13:57:16 info: Listening on port 8885
2018-2-17 13:57:24 info: Incoming request timed out
2018-2-17 13:57:24 info: Done
2018-2-17 13:57:24 info: Incoming request timed out
2018-2-17 13:57:24 info: Done
2018-2-17 13:57:24 info: Incoming request timed out
2018-2-17 13:57:24 info: Done
2018-2-17 13:57:24 info: Incoming request timed out
2018-2-17 13:57:24 info: Done
2018-2-17 13:57:24 info: Incoming request timed out
2018-2-17 13:57:24 info: Done
2018-2-17 13:57:24 info: Incoming request timed out
2018-2-17 13:57:24 info: Done
2018-2-17 13:57:24 info: Incoming request timed out
2018-2-17 13:57:24 info: Done
2018-2-17 13:57:24 info: Incoming request timed out
2018-2-17 13:57:24 info: Done
2018-2-17 13:57:39 info: Incoming request timed out
2018-2-17 13:57:39 info: Done
2018-2-17 13:57:39 info: Incoming request timed out
2018-2-17 13:57:39 info: Done
2018-2-17 13:58:13 info: Creating server... 
2018-2-17 13:58:13 info: Starting to listen for connections...
2018-2-17 13:58:13 info: Listening on port 8885
2018-2-17 13:58:20 info: Incoming request timed out
2018-2-17 13:58:20 info: Done
2018-2-17 13:58:20 info: Incoming request timed out
2018-2-17 13:58:20 info: Done
2018-2-17 14:05:40 info: Creating server... 
2018-2-17 14:05:40 info: Starting to listen for connections...
2018-2-17 14:05:40 info: Listening on port 8885
2018-2-17 14:06:25 info: Creating server... 
2018-2-17 14:06:25 info: Starting to listen for connections...
2018-2-17 14:06:25 info: Listening on port 8885
2018-2-17 14:06:26 info: Incoming request timed out
2018-2-17 14:06:26 info: Done
2018-2-17 14:06:35 info: Incoming request timed out
2018-2-17 14:06:35 info: Done
2018-2-17 14:07:03 info: Creating server... 
2018-2-17 14:07:03 info: Starting to listen for connections...
2018-2-17 14:07:03 info: Listening on port 8885
2018-2-17 14:09:18 info: Creating server... 
2018-2-17 14:09:18 info: Starting to listen for connections...
2018-2-17 14:09:18 info: Listening on port 8885
2018-2-17 14:09:19 info: Incoming request timed out
2018-2-17 14:09:19 info: Done
2018-2-17 14:09:39 info: Creating server... 
2018-2-17 14:09:39 info: Starting to listen for connections...
2018-2-17 14:09:39 info: Listening on port 8885
2018-2-17 14:09:50 info: Creating server... 
2018-2-17 14:09:50 info: Starting to listen for connections...
2018-2-17 14:09:50 info: Listening on port 8885
2018-2-17 14:10:54 info: Creating server... 
2018-2-17 14:10:54 info: Starting to listen for connections...
2018-2-17 14:10:54 info: Listening on port 8885
2018-2-17 14:11:14 info: Creating server... 
2018-2-17 14:11:14 info: Starting to listen for connections...
2018-2-17 14:11:14 info: Listening on port 8885
2018-2-17 14:12:01 info: Creating server... 
2018-2-17 14:12:01 info: Starting to listen for connections...
2018-2-17 14:12:01 info: Listening on port 8885
2018-2-17 14:12:01 info: Incoming request timed out
2018-2-17 14:12:01 info: Done
2018-2-17 14:12:44 info: Creating server... 
2018-2-17 14:12:44 info: Starting to listen for connections...
2018-2-17 14:12:44 info: Listening on port 8885
2018-2-17 14:13:17 info: Creating server... 
2018-2-17 14:13:17 info: Starting to listen for connections...
2018-2-17 14:13:17 info: Listening on port 8885
2018-2-17 14:14:26 info: Creating server... 
2018-2-17 14:14:26 info: Starting to listen for connections...
2018-2-17 14:14:26 info: Listening on port 8885
2018-2-17 14:15:56 info: Creating server... 
2018-2-17 14:15:56 info: Starting to listen for connections...
2018-2-17 14:15:56 info: Listening on port 8885
2018-2-17 14:16:05 info: Creating server... 
2018-2-17 14:16:05 info: Starting to listen for connections...
2018-2-17 14:16:05 info: Listening on port 8885
2018-2-17 14:17:43 info: Creating server... 
2018-2-17 14:17:43 info: Starting to listen for connections...
2018-2-17 14:17:43 info: Listening on port 8885
2018-2-17 14:18:18 info: Creating server... 
2018-2-17 14:18:18 info: Starting to listen for connections...
2018-2-17 14:18:18 info: Listening on port 8885
2018-2-17 14:18:43 info: Creating server... 
2018-2-17 14:18:43 info: Starting to listen for connections...
2018-2-17 14:18:43 info: Listening on port 8885
2018-2-17 14:19:20 info: Creating server... 
2018-2-17 14:19:20 info: Starting to listen for connections...
2018-2-17 14:19:20 info: Listening on port 8885
2018-2-17 14:28:26 info: Creating server... 
2018-2-17 14:28:26 info: Starting to listen for connections...
2018-2-17 14:28:26 info: Listening on port 8885
2018-2-17 14:29:40 info: Creating server... 
2018-2-17 14:29:40 info: Starting to listen for connections...
2018-2-17 14:29:40 info: Listening on port 8885
2018-2-17 14:31:42 info: Creating server... 
2018-2-17 14:31:42 info: Starting to listen for connections...
2018-2-17 14:31:42 info: Listening on port 8885
2018-2-17 14:32:39 info: Creating server... 
2018-2-17 14:32:39 info: Starting to listen for connections...
2018-2-17 14:32:39 info: Listening on port 8885
2018-2-17 14:35:47 info: Creating server... 
2018-2-17 14:35:47 info: Starting to listen for connections...
2018-2-17 14:35:47 info: Listening on port 8885
2018-2-17 14:39:56 info: Creating server... 
2018-2-17 14:39:56 info: Starting to listen for connections...
2018-2-17 14:39:56 info: Listening on port 8885
2018-2-17 14:43:15 info: Creating server... 
2018-2-17 14:43:15 info: Starting to listen for connections...
2018-2-17 14:43:15 info: Listening on port 8885
2018-2-17 14:44:54 info: Creating server... 
2018-2-17 14:44:54 info: Starting to listen for connections...
2018-2-17 14:44:54 info: Listening on port 8885
2018-2-17 14:48:03 info: Creating server... 
2018-2-17 14:48:03 info: Starting to listen for connections...
2018-2-17 14:48:03 info: Listening on port 8885
2018-2-17 14:48:31 info: Creating server... 
2018-2-17 14:48:31 info: Starting to listen for connections...
2018-2-17 14:48:31 info: Listening on port 8885
2018-2-17 14:48:43 info: Creating server... 
2018-2-17 14:48:43 info: Starting to listen for connections...
2018-2-17 14:48:43 info: Listening on port 8885
2018-2-17 14:49:18 info: Creating server... 
2018-2-17 14:49:18 info: Starting to listen for connections...
2018-2-17 14:49:18 info: Listening on port 8885
2018-2-17 15:07:51 info: Creating server... 
2018-2-17 15:07:51 info: Starting to listen for connections...
2018-2-17 15:07:51 info: Listening on port 8885
2018-2-17 15:09:49 info: Creating server... 
2018-2-17 15:09:49 info: Starting to listen for connections...
2018-2-17 15:09:49 info: Listening on port 8885
2018-2-17 15:13:35 info: Creating server... 
2018-2-17 15:13:35 info: Starting to listen for connections...
2018-2-17 15:13:35 info: Listening on port 8885
2018-2-17 15:14:13 info: Creating server... 
2018-2-17 15:14:13 info: Starting to listen for connections...
2018-2-17 15:14:13 info: Listening on port 8885
2018-2-17 15:16:13 info: Creating server... 
2018-2-17 15:16:13 info: Starting to listen for connections...
2018-2-17 15:16:13 info: Listening on port 8885
2018-2-17 15:16:53 info: Creating server... 
2018-2-17 15:16:53 info: Starting to listen for connections...
2018-2-17 15:16:53 info: Listening on port 8885
2018-2-17 15:16:55 error: Exception occured: ReferenceError: pathname is not defined
2018-2-17 15:18:44 info: Creating server... 
2018-2-17 15:18:44 info: Starting to listen for connections...
2018-2-17 15:18:44 info: Listening on port 8885
2018-2-17 15:20:32 info: Creating server... 
2018-2-17 15:20:32 info: Starting to listen for connections...
2018-2-17 15:20:32 info: Listening on port 8885
2018-2-17 15:22:18 info: Creating server... 
2018-2-17 15:22:18 info: Starting to listen for connections...
2018-2-17 15:22:18 info: Listening on port 8885
2018-2-17 15:22:21 error: Exception occured: ReferenceError: pathname is not defined
2018-2-17 15:23:59 info: Creating server... 
2018-2-17 15:23:59 info: Starting to listen for connections...
2018-2-17 15:23:59 info: Listening on port 8885
2018-2-17 15:24:01 error: Exception occured: ReferenceError: pathname is not defined
2018-2-17 15:24:26 info: Creating server... 
2018-2-17 15:24:26 info: Starting to listen for connections...
2018-2-17 15:24:26 info: Listening on port 8885
2018-2-17 15:24:27 error: Exception occured: ReferenceError: pathname is not defined
2018-2-17 15:25:41 error: Exception occured: ReferenceError: pathname is not defined
2018-2-17 15:26:03 error: Exception occured: ReferenceError: pathname is not defined
2018-2-17 15:28:11 info: Creating server... 
2018-2-17 15:28:11 info: Starting to listen for connections...
2018-2-17 15:28:11 info: Listening on port 8885
2018-2-17 15:30:01 info: Creating server... 
2018-2-17 15:30:01 info: Starting to listen for connections...
2018-2-17 15:30:01 info: Listening on port 8885
2018-2-17 15:31:21 info: Creating server... 
2018-2-17 15:31:21 info: Starting to listen for connections...
2018-2-17 15:31:21 info: Listening on port 8885
2018-2-17 15:31:22 info: Request is GET
2018-2-17 15:31:22 info: Path is: /application
2018-2-17 15:31:44 info: Creating server... 
2018-2-17 15:31:44 info: Starting to listen for connections...
2018-2-17 15:31:44 info: Listening on port 8885
2018-2-17 15:31:47 info: Request is GET
2018-2-17 15:31:47 info: Path is: /application
2018-2-17 15:43:16 info: Creating server... 
2018-2-17 15:43:16 info: Starting to listen for connections...
2018-2-17 15:43:16 info: Listening on port 8885
2018-2-17 15:43:20 info: Request is GET
2018-2-17 15:43:20 info: Path is: /application
2018-2-17 15:43:42 info: Creating server... 
2018-2-17 15:43:42 info: Starting to listen for connections...
2018-2-17 15:43:42 info: Listening on port 8885
2018-2-17 15:43:47 info: Request is GET
2018-2-17 15:43:47 info: Path is: /application
2018-2-17 15:45:11 info: Creating server... 
2018-2-17 15:45:11 info: Starting to listen for connections...
2018-2-17 15:45:11 info: Listening on port 8885
2018-2-17 15:45:17 info: Request is GET
2018-2-17 15:45:17 info: Path is: /application
2018-2-17 15:45:17 info: Path exists
2018-2-17 15:47:59 info: Creating server... 
2018-2-17 15:47:59 info: Starting to listen for connections...
2018-2-17 15:47:59 info: Listening on port 8885
2018-2-17 15:48:01 info: Request is GET
2018-2-17 15:48:01 info: Path is: /application
2018-2-17 15:48:01 info: Path exists
2018-2-17 15:48:07 info: Request is GET
2018-2-17 15:48:07 info: Path is: /applicatio
2018-2-17 15:48:07 info: Path exists
2018-2-17 15:49:05 info: Creating server... 
2018-2-17 15:49:05 info: Starting to listen for connections...
2018-2-17 15:49:05 info: Listening on port 8885
2018-2-17 15:49:10 info: Request is GET
2018-2-17 15:49:10 info: Path is: /applicatio
2018-2-17 15:49:10 info: Path doesn't exist
2018-2-17 15:49:13 info: Request is GET
2018-2-17 15:49:13 info: Path is: /application
2018-2-17 15:49:13 info: Path exists
2018-2-17 16:00:24 info: Creating server... 
2018-2-17 16:00:24 info: Starting to listen for connections...
2018-2-17 16:00:24 info: Listening on port 8885
2018-2-17 16:11:11 info: Creating server... 
2018-2-17 16:11:11 info: Starting to listen for connections...
2018-2-17 16:11:11 info: Listening on port 8885
2018-2-17 16:11:16 info: Request is GET
2018-2-17 16:11:16 info: Path is: /application
2018-2-17 16:11:16 info: Path exists
2018-2-17 16:11:16 info: Checking if path is allowed...
2018-2-17 16:11:16 info: Path is allowed
2018-2-17 16:11:23 info: Request is GET
2018-2-17 16:11:23 info: Path is: /applicatin
2018-2-17 16:11:23 info: Path exists
2018-2-17 16:11:23 info: Checking if path is allowed...
2018-2-17 16:11:23 info: Path is forbidden
2018-2-17 16:11:23 info: Path doesn't exist
2018-2-17 16:11:32 info: Request is GET
2018-2-17 16:11:32 info: Path is: /application
2018-2-17 16:11:32 info: Path exists
2018-2-17 16:11:32 info: Checking if path is allowed...
2018-2-17 16:11:32 info: Path is allowed
2018-2-17 16:11:35 info: Request is GET
2018-2-17 16:11:35 info: Path is: /applicatin
2018-2-17 16:11:35 info: Path exists
2018-2-17 16:11:35 info: Checking if path is allowed...
2018-2-17 16:11:35 info: Path is forbidden
2018-2-17 16:11:35 info: Path doesn't exist
2018-2-17 16:12:16 info: Request is GET
2018-2-17 16:12:16 info: Path is: /applican
2018-2-17 16:12:16 info: Path exists
2018-2-17 16:12:16 info: Checking if path is allowed...
2018-2-17 16:12:16 info: Path is forbidden
2018-2-17 16:12:16 info: Path doesn't exist
2018-2-17 16:25:48 info: Creating server... 
2018-2-17 16:25:48 info: Starting to listen for connections...
2018-2-17 16:25:48 info: Listening on port 8885
2018-2-17 16:25:54 info: Request is GET
2018-2-17 16:25:54 info: Path is: /applican
2018-2-17 16:25:54 info: Path doesn't exist
2018-2-17 16:25:56 info: Request is GET
2018-2-17 16:25:56 info: Path is: /applican
2018-2-17 16:25:56 info: Path doesn't exist
2018-2-17 16:26:01 info: Request is GET
2018-2-17 16:26:01 info: Path is: /application
2018-2-17 16:26:01 info: Path exists
2018-2-17 16:26:01 info: Checking if path is allowed...
2018-2-17 16:26:01 info: Path is allowed
2018-2-17 16:26:08 info: Request is GET
2018-2-17 16:26:08 info: Path is: /
2018-2-17 16:26:08 info: Path exists
2018-2-17 16:26:08 info: Checking if path is allowed...
2018-2-17 16:26:08 info: Path is forbidden
2018-2-17 16:26:18 info: Request is GET
2018-2-17 16:26:18 info: Path is: /asd
2018-2-17 16:26:18 info: Path doesn't exist
2018-2-17 16:26:25 info: Request is GET
2018-2-17 16:26:25 info: Path is: /application
2018-2-17 16:26:25 info: Path exists
2018-2-17 16:26:25 info: Checking if path is allowed...
2018-2-17 16:26:25 info: Path is allowed
2018-2-17 16:26:41 info: Creating server... 
2018-2-17 16:26:41 info: Starting to listen for connections...
2018-2-17 16:26:41 info: Listening on port 8885
2018-2-17 16:28:12 info: Creating server... 
2018-2-17 16:28:12 info: Starting to listen for connections...
2018-2-17 16:28:12 info: Listening on port 8885
2018-2-17 16:32:26 info: Creating server... 
2018-2-17 16:32:26 info: Starting to listen for connections...
2018-2-17 16:32:26 info: Listening on port 8885
2018-2-17 16:32:29 info: Request is GET
2018-2-17 16:32:29 info: Path is: /application
2018-2-17 16:32:29 info: Path exists
2018-2-17 16:32:29 info: Checking if path is allowed...
2018-2-17 16:32:29 info: Path is allowed
2018-2-17 16:32:31 info: Request is GET
2018-2-17 16:32:31 info: Path is: /applicatin
2018-2-17 16:32:31 info: Path doesn't exist
2018-2-17 16:32:36 info: Request is GET
2018-2-17 16:32:36 info: Path is: /
2018-2-17 16:32:36 info: Path exists
2018-2-17 16:32:36 info: Checking if path is allowed...
2018-2-17 16:32:36 info: Path is forbidden
2018-2-17 16:32:41 info: Request is GET
2018-2-17 16:32:41 info: Path is: /application
2018-2-17 16:32:41 info: Path exists
2018-2-17 16:32:41 info: Checking if path is allowed...
2018-2-17 16:32:41 info: Path is allowed
2018-2-17 16:43:43 info: Creating server... 
2018-2-17 16:43:43 info: Starting to listen for connections...
2018-2-17 16:43:43 info: Listening on port 8885
2018-2-17 16:43:45 info: Request is GET
2018-2-17 16:43:45 info: Path is: /application
2018-2-17 16:43:45 info: Path exists
2018-2-17 16:43:45 info: Checking if path is allowed...
2018-2-17 16:43:45 info: Path is allowed
2018-2-17 16:43:47 info: Request is GET
2018-2-17 16:43:47 info: Path is: /applicatin
2018-2-17 16:43:47 info: Path doesn't exist
2018-2-17 16:43:51 info: Request is GET
2018-2-17 16:43:51 info: Path is: /application
2018-2-17 16:43:51 info: Path exists
2018-2-17 16:43:51 info: Checking if path is allowed...
2018-2-17 16:43:51 info: Path is allowed
2018-2-17 16:43:55 info: Request is GET
2018-2-17 16:43:55 info: Path is: /
2018-2-17 16:43:55 info: Path exists
2018-2-17 16:43:55 info: Checking if path is allowed...
2018-2-17 16:43:55 info: Path is forbidden
2018-2-17 16:44:43 info: Request is GET
2018-2-17 16:44:43 info: Path is: /application/test.txt
2018-2-17 16:44:43 info: Path exists
2018-2-17 16:44:43 info: Checking if path is allowed...
2018-2-17 16:44:43 info: Path is allowed
2018-2-17 16:44:59 info: Request is GET
2018-2-17 16:44:59 info: Path is: /application/test.txt
2018-2-17 16:44:59 info: Path exists
2018-2-17 16:44:59 info: Checking if path is allowed...
2018-2-17 16:44:59 info: Path is allowed
